<?xml version="1.0" encoding="UTF-8"?>
<robot generator="Robot 6.0.2 (Python 3.11.1 on darwin)" generated="20230203 10:20:26.100" rpa="false" schemaversion="3">
<suite id="s1" name="apiTests" source="/Users/mwatha/PycharmProjects/APIAutomation/tests/apiTests.robot">
<test id="s1-t1" name="Make a simple REST API call for Github users" line="7">
<kw name="Post Request" library="api">
<kw name="Create Session" library="RequestsLibrary">
<arg>reversal_session</arg>
<arg>${base_url}</arg>
<doc>Create Session: create a HTTP session to a server</doc>
<msg timestamp="20230203 10:20:26.376" level="INFO">Creating Session using : alias=reversal_session, url=http://10.4.0.68:8081/payment/services/RequestMgrServices/, headers={},                     cookies={}, auth=None, timeout=None, proxies=None, verify=False,                     debug=0 </msg>
<status status="PASS" starttime="20230203 10:20:26.376" endtime="20230203 10:20:26.376"/>
</kw>
<status status="PASS" starttime="20230203 10:20:26.375" endtime="20230203 10:20:26.376"/>
</kw>
<tag>Sanity</tag>
<status status="PASS" starttime="20230203 10:20:26.375" endtime="20230203 10:20:26.376"/>
</test>
<doc>These are API Tests</doc>
<status status="PASS" starttime="20230203 10:20:26.103" endtime="20230203 10:20:26.376"/>
</suite>
<statistics>
<total>
<stat pass="1" fail="0" skip="0">All Tests</stat>
</total>
<tag>
<stat pass="1" fail="0" skip="0">Sanity</stat>
</tag>
<suite>
<stat pass="1" fail="0" skip="0" id="s1" name="apiTests">apiTests</stat>
</suite>
</statistics>
<errors>
</errors>
</robot>
